<?xml version="1.0" encoding="UTF-8"?>
<!-- Generated by org.testng.reporters.JUnitXMLReporter -->
<testsuite ignored="0" hostname="LAPTOP-DNUT5EKF" failures="0" tests="7" name="Surefire test" time="32.526" errors="0" timestamp="2021-03-13T15:00:51 IST">
  <testcase classname="Test_Suite.Test_Ixigo.AppTest" name="shouldAnswerWithTrue" time="0.004"/>
  <testcase classname="Test_Suite.Test_Ixigo.URL_LaunchTest" name="setup" time="4.855"/>
  <testcase classname="Test_Suite.Test_Ixigo.URL_LaunchTest" name="verifyPageTest" time="0.015"/>
  <testcase classname="Test_Suite.Test_Ixigo.URL_LaunchTest" name="journeyDetailTest" time="11.931"/>
  <testcase classname="Test_Suite.Test_Ixigo.URL_LaunchTest" name="flightSearchTest" time="11.26"/>
  <testcase classname="Test_Suite.Test_Ixigo.URL_LaunchTest" name="validateDetailsTest" time="0.992"/>
  <testcase classname="Test_Suite.Test_Ixigo.URL_LaunchTest" name="airlineDetailsTest" time="3.439"/>
</testsuite> <!-- Surefire test -->
