<?xml version="1.0" encoding="UTF-8"?>
<!-- Generated by org.testng.reporters.JUnitXMLReporter -->
<testsuite ignored="0" hostname="LAPTOP-DNUT5EKF" failures="1" tests="6" name="Surefire test" time="65.09" errors="0" timestamp="2021-03-12T21:56:03 IST">
  <testcase classname="Test_Suite.Test_Ixigo.AppTest" name="shouldAnswerWithTrue" time="0.004"/>
  <testcase classname="Test_Suite.Test_Ixigo.URL_LaunchTest" name="setup" time="29.942"/>
  <testcase classname="Test_Suite.Test_Ixigo.URL_LaunchTest" name="verifyPageTest" time="0.075"/>
  <testcase classname="Test_Suite.Test_Ixigo.URL_LaunchTest" name="journeyDetailTest" time="13.43"/>
  <testcase classname="Test_Suite.Test_Ixigo.URL_LaunchTest" name="flightSearchTest" time="0.081">
    <failure type="java.lang.AssertionError" message="expected [New Delhi - Bengaluru, Economy Flights, roundtrip, 25 Mar - 29 Mar] but found [ixigo - Flights, IRCTC Train Booking, Bus Booking, Air Tickets &amp;amp; Hotels]">
      <![CDATA[java.lang.AssertionError: expected [New Delhi - Bengaluru, Economy Flights, roundtrip, 25 Mar - 29 Mar] but found [ixigo - Flights, IRCTC Train Booking, Bus Booking, Air Tickets & Hotels]
at Test_Suite.Test_Ixigo.URL_LaunchTest.flightSearchTest(URL_LaunchTest.java:65)
at java.base/java.util.ArrayList.forEach(ArrayList.java:1540)
... Removed 38 stack frames]]>
    </failure>
  </testcase> <!-- flightSearchTest -->
  <testcase classname="Test_Suite.Test_Ixigo.URL_LaunchTest" name="validateDetailsTest" time="21.228"/>
</testsuite> <!-- Surefire test -->
