<?xml version="1.0" encoding="UTF-8"?>
<testsuite xmlns:xsi="http://www.w3.org/2001/XMLSchema-instance" xsi:noNamespaceSchemaLocation="https://maven.apache.org/surefire/maven-surefire-plugin/xsd/surefire-test-report.xsd" name="TestSuite" time="42.417" tests="6" errors="0" skipped="0" failures="0">
  <properties>
[...]
</properties>
  <testcase name="shouldAnswerWithTrue" classname="Test_Suite.Test_Ixigo.AppTest" time="0.004"/>
  <testcase name="setup" classname="Test_Suite.Test_Ixigo.URL_LaunchTest" time="4.38"/>
  <testcase name="verifyPageTest" classname="Test_Suite.Test_Ixigo.URL_LaunchTest" time="0.102"/>
  <testcase name="journeyDetailTest" classname="Test_Suite.Test_Ixigo.URL_LaunchTest" time="12.01"/>
  <testcase name="flightSearchTest" classname="Test_Suite.Test_Ixigo.URL_LaunchTest" time="23.712"/>
  <testcase name="validateDetailsTest" classname="Test_Suite.Test_Ixigo.URL_LaunchTest" time="1.788"/>
</testsuite>