<?xml version="1.0" encoding="UTF-8"?>
<testng-results ignored="0" total="2" passed="2" failed="0" skipped="0">
  <reporter-output>
  </reporter-output>
  <suite started-at="2021-03-11T19:53:57 IST" name="Surefire suite" finished-at="2021-03-11T19:54:22 IST" duration-ms="25510">
    <groups>
    </groups>
    <test started-at="2021-03-11T19:53:57 IST" name="Surefire test" finished-at="2021-03-11T19:54:22 IST" duration-ms="25510">
      <class name="Test_Suite.Test_Ixigo.URL_LaunchTest">
        <test-method signature="browsermethod() throws java.lang.InterruptedException" started-at="2021-03-11T19:53:57 IST" name="browsermethod" finished-at="2021-03-11T19:54:22 IST" duration-ms="25456" status="PASS">
          <reporter-output>
          </reporter-output>
        </test-method> <!-- browsermethod -->
      </class> <!-- Test_Suite.Test_Ixigo.URL_LaunchTest -->
      <class name="Test_Suite.Test_Ixigo.AppTest">
        <test-method signature="shouldAnswerWithTrue()" started-at="2021-03-11T19:53:57 IST" name="shouldAnswerWithTrue" finished-at="2021-03-11T19:53:57 IST" duration-ms="14" status="PASS">
          <reporter-output>
          </reporter-output>
        </test-method> <!-- shouldAnswerWithTrue -->
      </class> <!-- Test_Suite.Test_Ixigo.AppTest -->
    </test> <!-- Surefire test -->
  </suite> <!-- Surefire suite -->
</testng-results>
